<?xml version="1.0" encoding="UTF-8"?>
<testsuite xmlns:xsi="http://www.w3.org/2001/XMLSchema-instance" xsi:noNamespaceSchemaLocation="https://maven.apache.org/surefire/maven-surefire-plugin/xsd/surefire-test-report.xsd" name="com.jdbc.study.demo.DemoApplicationTests" time="4.605" tests="1" errors="1" skipped="0" failures="0">
  <properties>
[...]
</properties>
  <testcase name="contextLoads" classname="com.jdbc.study.demo.DemoApplicationTests" time="1.861">
    <error message="Access denied for user &apos;root&apos;@&apos;localhost&apos; (using password: YES)" type="java.sql.SQLException">java.sql.SQLException: Access denied for user 'root'@'localhost' (using password: YES)
	at com.jdbc.study.demo.DemoApplicationTests.contextLoads(DemoApplicationTests.java:22)
</error>
    <system-out><![CDATA[11:30:28.322 [main] DEBUG org.springframework.test.context.BootstrapUtils - Instantiating CacheAwareContextLoaderDelegate from class [org.springframework.test.context.cache.DefaultCacheAwareContextLoaderDelegate]
11:30:28.333 [main] DEBUG org.springframework.test.context.BootstrapUtils - Instantiating BootstrapContext using constructor [public org.springframework.test.context.support.DefaultBootstrapContext(java.lang.Class,org.springframework.test.context.CacheAwareContextLoaderDelegate)]
11:30:28.370 [main] DEBUG org.springframework.test.context.BootstrapUtils - Instantiating TestContextBootstrapper for test class [com.jdbc.study.demo.DemoApplicationTests] from class [org.springframework.boot.test.context.SpringBootTestContextBootstrapper]
11:30:28.382 [main] INFO org.springframework.boot.test.context.SpringBootTestContextBootstrapper - Neither @ContextConfiguration nor @ContextHierarchy found for test class [com.jdbc.study.demo.DemoApplicationTests], using SpringBootContextLoader
11:30:28.386 [main] DEBUG org.springframework.test.context.support.AbstractContextLoader - Did not detect default resource location for test class [com.jdbc.study.demo.DemoApplicationTests]: class path resource [com/jdbc/study/demo/DemoApplicationTests-context.xml] does not exist
11:30:28.386 [main] DEBUG org.springframework.test.context.support.AbstractContextLoader - Did not detect default resource location for test class [com.jdbc.study.demo.DemoApplicationTests]: class path resource [com/jdbc/study/demo/DemoApplicationTestsContext.groovy] does not exist
11:30:28.386 [main] INFO org.springframework.test.context.support.AbstractContextLoader - Could not detect default resource locations for test class [com.jdbc.study.demo.DemoApplicationTests]: no resource found for suffixes {-context.xml, Context.groovy}.
11:30:28.387 [main] INFO org.springframework.test.context.support.AnnotationConfigContextLoaderUtils - Could not detect default configuration classes for test class [com.jdbc.study.demo.DemoApplicationTests]: DemoApplicationTests does not declare any static, non-private, non-final, nested classes annotated with @Configuration.
11:30:28.432 [main] DEBUG org.springframework.test.context.support.ActiveProfilesUtils - Could not find an 'annotation declaring class' for annotation type [org.springframework.test.context.ActiveProfiles] and class [com.jdbc.study.demo.DemoApplicationTests]
11:30:28.491 [main] DEBUG org.springframework.context.annotation.ClassPathScanningCandidateComponentProvider - Identified candidate component class: file [D:\Program Files\workspace\idea\springboot-jdbc-study\target\classes\com\jdbc\study\demo\DemoApplication.class]
11:30:28.492 [main] INFO org.springframework.boot.test.context.SpringBootTestContextBootstrapper - Found @SpringBootConfiguration com.jdbc.study.demo.DemoApplication for test class com.jdbc.study.demo.DemoApplicationTests
11:30:28.594 [main] DEBUG org.springframework.boot.test.context.SpringBootTestContextBootstrapper - @TestExecutionListeners is not present for class [com.jdbc.study.demo.DemoApplicationTests]: using defaults.
11:30:28.594 [main] INFO org.springframework.boot.test.context.SpringBootTestContextBootstrapper - Loaded default TestExecutionListener class names from location [META-INF/spring.factories]: [org.springframework.boot.test.mock.mockito.MockitoTestExecutionListener, org.springframework.boot.test.mock.mockito.ResetMocksTestExecutionListener, org.springframework.boot.test.autoconfigure.restdocs.RestDocsTestExecutionListener, org.springframework.boot.test.autoconfigure.web.client.MockRestServiceServerResetTestExecutionListener, org.springframework.boot.test.autoconfigure.web.servlet.MockMvcPrintOnlyOnFailureTestExecutionListener, org.springframework.boot.test.autoconfigure.web.servlet.WebDriverTestExecutionListener, org.springframework.boot.test.autoconfigure.webservices.client.MockWebServiceServerTestExecutionListener, org.springframework.test.context.web.ServletTestExecutionListener, org.springframework.test.context.support.DirtiesContextBeforeModesTestExecutionListener, org.springframework.test.context.event.ApplicationEventsTestExecutionListener, org.springframework.test.context.support.DependencyInjectionTestExecutionListener, org.springframework.test.context.support.DirtiesContextTestExecutionListener, org.springframework.test.context.transaction.TransactionalTestExecutionListener, org.springframework.test.context.jdbc.SqlScriptsTestExecutionListener, org.springframework.test.context.event.EventPublishingTestExecutionListener]
11:30:28.612 [main] INFO org.springframework.boot.test.context.SpringBootTestContextBootstrapper - Using TestExecutionListeners: [org.springframework.test.context.web.ServletTestExecutionListener@31ea9581, org.springframework.test.context.support.DirtiesContextBeforeModesTestExecutionListener@231f98ef, org.springframework.test.context.event.ApplicationEventsTestExecutionListener@7c137fd5, org.springframework.boot.test.mock.mockito.MockitoTestExecutionListener@183ec003, org.springframework.boot.test.autoconfigure.SpringBootDependencyInjectionTestExecutionListener@7d9d0818, org.springframework.test.context.support.DirtiesContextTestExecutionListener@221a3fa4, org.springframework.test.context.transaction.TransactionalTestExecutionListener@451001e5, org.springframework.test.context.jdbc.SqlScriptsTestExecutionListener@2b40ff9c, org.springframework.test.context.event.EventPublishingTestExecutionListener@3e08ff24, org.springframework.boot.test.mock.mockito.ResetMocksTestExecutionListener@4d1c005e, org.springframework.boot.test.autoconfigure.restdocs.RestDocsTestExecutionListener@8462f31, org.springframework.boot.test.autoconfigure.web.client.MockRestServiceServerResetTestExecutionListener@24569dba, org.springframework.boot.test.autoconfigure.web.servlet.MockMvcPrintOnlyOnFailureTestExecutionListener@5ddeb7cb, org.springframework.boot.test.autoconfigure.web.servlet.WebDriverTestExecutionListener@70ed52de, org.springframework.boot.test.autoconfigure.webservices.client.MockWebServiceServerTestExecutionListener@496bc455]
11:30:28.615 [main] DEBUG org.springframework.test.context.support.AbstractDirtiesContextTestExecutionListener - Before test class: context [DefaultTestContext@19932c16 testClass = DemoApplicationTests, testInstance = [null], testMethod = [null], testException = [null], mergedContextConfiguration = [WebMergedContextConfiguration@73eb439a testClass = DemoApplicationTests, locations = '{}', classes = '{class com.jdbc.study.demo.DemoApplication}', contextInitializerClasses = '[]', activeProfiles = '{}', propertySourceLocations = '{}', propertySourceProperties = '{org.springframework.boot.test.context.SpringBootTestContextBootstrapper=true}', contextCustomizers = set[org.springframework.boot.test.context.filter.ExcludeFilterContextCustomizer@4f6ee6e4, org.springframework.boot.test.json.DuplicateJsonObjectContextCustomizerFactory$DuplicateJsonObjectContextCustomizer@6b927fb, org.springframework.boot.test.mock.mockito.MockitoContextCustomizer@0, org.springframework.boot.test.web.client.TestRestTemplateContextCustomizer@5158b42f, org.springframework.boot.test.autoconfigure.actuate.metrics.MetricsExportContextCustomizerFactory$DisableMetricExportContextCustomizer@79e2c065, org.springframework.boot.test.autoconfigure.properties.PropertyMappingContextCustomizer@0, org.springframework.boot.test.autoconfigure.web.servlet.WebDriverContextCustomizerFactory$Customizer@49139829, org.springframework.boot.test.context.SpringBootTestArgs@1, org.springframework.boot.test.context.SpringBootTestWebEnvironment@1593948d], resourceBasePath = 'src/main/webapp', contextLoader = 'org.springframework.boot.test.context.SpringBootContextLoader', parent = [null]], attributes = map['org.springframework.test.context.web.ServletTestExecutionListener.activateListener' -> true]], class annotated with @DirtiesContext [false] with mode [null].
11:30:28.662 [main] DEBUG org.springframework.boot.ApplicationServletEnvironment - Activating profiles []
11:30:28.663 [main] DEBUG org.springframework.test.context.support.TestPropertySourceUtils - Adding inlined properties to environment: {spring.jmx.enabled=false, org.springframework.boot.test.context.SpringBootTestContextBootstrapper=true}

  .   ____          _            __ _ _
 /\\ / ___'_ __ _ _(_)_ __  __ _ \ \ \ \
( ( )\___ | '_ | '_| | '_ \/ _` | \ \ \ \
 \\/  ___)| |_)| | | | | || (_| |  ) ) ) )
  '  |____| .__|_| |_|_| |_\__, | / / / /
 =========|_|==============|___/=/_/_/_/
 :: Spring Boot ::                (v2.6.1)

2021-12-13 11:30:29.041  INFO 15068 --- [           main] c.jdbc.study.demo.DemoApplicationTests   : Starting DemoApplicationTests using Java 1.8.0_40 on DESKTOP-OHURAP1 with PID 15068 (started by wyj_p in D:\Program Files\workspace\idea\springboot-jdbc-study)
2021-12-13 11:30:29.042  INFO 15068 --- [           main] c.jdbc.study.demo.DemoApplicationTests   : No active profile set, falling back to default profiles: default
2021-12-13 11:30:30.714  WARN 15068 --- [           main] ion$DefaultTemplateResolverConfiguration : Cannot find template location: classpath:/templates/ (please add some templates or check your Thymeleaf configuration)
2021-12-13 11:30:30.972  INFO 15068 --- [           main] c.jdbc.study.demo.DemoApplicationTests   : Started DemoApplicationTests in 2.307 seconds (JVM running for 3.514)
class com.zaxxer.hikari.HikariDataSource
2021-12-13 11:30:31.265  INFO 15068 --- [           main] com.zaxxer.hikari.HikariDataSource       : HikariPool-1 - Starting...
2021-12-13 11:30:32.832 ERROR 15068 --- [           main] com.zaxxer.hikari.pool.HikariPool        : HikariPool-1 - Exception during pool initialization.

java.sql.SQLException: Access denied for user 'root'@'localhost' (using password: YES)
	at com.mysql.cj.jdbc.exceptions.SQLError.createSQLException(SQLError.java:129) ~[mysql-connector-java-8.0.27.jar:8.0.27]
	at com.mysql.cj.jdbc.exceptions.SQLExceptionsMapping.translateException(SQLExceptionsMapping.java:122) ~[mysql-connector-java-8.0.27.jar:8.0.27]
	at com.mysql.cj.jdbc.ConnectionImpl.createNewIO(ConnectionImpl.java:828) ~[mysql-connector-java-8.0.27.jar:8.0.27]
	at com.mysql.cj.jdbc.ConnectionImpl.<init>(ConnectionImpl.java:448) ~[mysql-connector-java-8.0.27.jar:8.0.27]
	at com.mysql.cj.jdbc.ConnectionImpl.getInstance(ConnectionImpl.java:241) ~[mysql-connector-java-8.0.27.jar:8.0.27]
	at com.mysql.cj.jdbc.NonRegisteringDriver.connect(NonRegisteringDriver.java:198) ~[mysql-connector-java-8.0.27.jar:8.0.27]
	at com.zaxxer.hikari.util.DriverDataSource.getConnection(DriverDataSource.java:138) ~[HikariCP-4.0.3.jar:na]
	at com.zaxxer.hikari.pool.PoolBase.newConnection(PoolBase.java:364) ~[HikariCP-4.0.3.jar:na]
	at com.zaxxer.hikari.pool.PoolBase.newPoolEntry(PoolBase.java:206) ~[HikariCP-4.0.3.jar:na]
	at com.zaxxer.hikari.pool.HikariPool.createPoolEntry(HikariPool.java:476) [HikariCP-4.0.3.jar:na]
	at com.zaxxer.hikari.pool.HikariPool.checkFailFast(HikariPool.java:561) [HikariCP-4.0.3.jar:na]
	at com.zaxxer.hikari.pool.HikariPool.<init>(HikariPool.java:115) [HikariCP-4.0.3.jar:na]
	at com.zaxxer.hikari.HikariDataSource.getConnection(HikariDataSource.java:112) [HikariCP-4.0.3.jar:na]
	at com.jdbc.study.demo.DemoApplicationTests.contextLoads(DemoApplicationTests.java:22) [test-classes/:na]
	at sun.reflect.NativeMethodAccessorImpl.invoke0(Native Method) ~[na:1.8.0_40]
	at sun.reflect.NativeMethodAccessorImpl.invoke(NativeMethodAccessorImpl.java:62) ~[na:1.8.0_40]
	at sun.reflect.DelegatingMethodAccessorImpl.invoke(DelegatingMethodAccessorImpl.java:43) ~[na:1.8.0_40]
	at java.lang.reflect.Method.invoke(Method.java:497) ~[na:1.8.0_40]
	at org.junit.platform.commons.util.ReflectionUtils.invokeMethod(ReflectionUtils.java:725) [junit-platform-commons-1.8.1.jar:1.8.1]
	at org.junit.jupiter.engine.execution.MethodInvocation.proceed(MethodInvocation.java:60) [junit-jupiter-engine-5.8.1.jar:5.8.1]
	at org.junit.jupiter.engine.execution.InvocationInterceptorChain$ValidatingInvocation.proceed(InvocationInterceptorChain.java:131) [junit-jupiter-engine-5.8.1.jar:5.8.1]
	at org.junit.jupiter.engine.extension.TimeoutExtension.intercept(TimeoutExtension.java:149) [junit-jupiter-engine-5.8.1.jar:5.8.1]
	at org.junit.jupiter.engine.extension.TimeoutExtension.interceptTestableMethod(TimeoutExtension.java:140) [junit-jupiter-engine-5.8.1.jar:5.8.1]
	at org.junit.jupiter.engine.extension.TimeoutExtension.interceptTestMethod(TimeoutExtension.java:84) [junit-jupiter-engine-5.8.1.jar:5.8.1]
	at org.junit.jupiter.engine.descriptor.TestMethodTestDescriptor$$Lambda$108/1522311648.apply(Unknown Source) [junit-jupiter-engine-5.8.1.jar:5.8.1]
	at org.junit.jupiter.engine.execution.ExecutableInvoker$ReflectiveInterceptorCall.lambda$ofVoidMethod$0(ExecutableInvoker.java:115) [junit-jupiter-engine-5.8.1.jar:5.8.1]
	at org.junit.jupiter.engine.execution.ExecutableInvoker$ReflectiveInterceptorCall$$Lambda$109/329645619.apply(Unknown Source) [junit-jupiter-engine-5.8.1.jar:5.8.1]
	at org.junit.jupiter.engine.execution.ExecutableInvoker.lambda$invoke$0(ExecutableInvoker.java:105) [junit-jupiter-engine-5.8.1.jar:5.8.1]
	at org.junit.jupiter.engine.execution.ExecutableInvoker$$Lambda$339/1721246982.apply(Unknown Source) [junit-jupiter-engine-5.8.1.jar:5.8.1]
	at org.junit.jupiter.engine.execution.InvocationInterceptorChain$InterceptedInvocation.proceed(InvocationInterceptorChain.java:106) [junit-jupiter-engine-5.8.1.jar:5.8.1]
	at org.junit.jupiter.engine.execution.InvocationInterceptorChain.proceed(InvocationInterceptorChain.java:64) [junit-jupiter-engine-5.8.1.jar:5.8.1]
	at org.junit.jupiter.engine.execution.InvocationInterceptorChain.chainAndInvoke(InvocationInterceptorChain.java:45) [junit-jupiter-engine-5.8.1.jar:5.8.1]
	at org.junit.jupiter.engine.execution.InvocationInterceptorChain.invoke(InvocationInterceptorChain.java:37) [junit-jupiter-engine-5.8.1.jar:5.8.1]
	at org.junit.jupiter.engine.execution.ExecutableInvoker.invoke(ExecutableInvoker.java:104) [junit-jupiter-engine-5.8.1.jar:5.8.1]
	at org.junit.jupiter.engine.execution.ExecutableInvoker.invoke(ExecutableInvoker.java:98) [junit-jupiter-engine-5.8.1.jar:5.8.1]
	at org.junit.jupiter.engine.descriptor.TestMethodTestDescriptor.lambda$invokeTestMethod$7(TestMethodTestDescriptor.java:214) [junit-jupiter-engine-5.8.1.jar:5.8.1]
	at org.junit.jupiter.engine.descriptor.TestMethodTestDescriptor$$Lambda$856/373682836.execute(Unknown Source) [junit-jupiter-engine-5.8.1.jar:5.8.1]
	at org.junit.platform.engine.support.hierarchical.ThrowableCollector.execute(ThrowableCollector.java:73) [junit-platform-engine-1.8.1.jar:1.8.1]
	at org.junit.jupiter.engine.descriptor.TestMethodTestDescriptor.invokeTestMethod(TestMethodTestDescriptor.java:210) [junit-jupiter-engine-5.8.1.jar:5.8.1]
	at org.junit.jupiter.engine.descriptor.TestMethodTestDescriptor.execute(TestMethodTestDescriptor.java:135) [junit-jupiter-engine-5.8.1.jar:5.8.1]
	at org.junit.jupiter.engine.descriptor.TestMethodTestDescriptor.execute(TestMethodTestDescriptor.java:66) [junit-jupiter-engine-5.8.1.jar:5.8.1]
	at org.junit.platform.engine.support.hierarchical.NodeTestTask.lambda$executeRecursively$6(NodeTestTask.java:151) [junit-platform-engine-1.8.1.jar:1.8.1]
	at org.junit.platform.engine.support.hierarchical.NodeTestTask$$Lambda$195/175408781.execute(Unknown Source) [junit-platform-engine-1.8.1.jar:1.8.1]
	at org.junit.platform.engine.support.hierarchical.ThrowableCollector.execute(ThrowableCollector.java:73) [junit-platform-engine-1.8.1.jar:1.8.1]
	at org.junit.platform.engine.support.hierarchical.NodeTestTask.lambda$executeRecursively$8(NodeTestTask.java:141) [junit-platform-engine-1.8.1.jar:1.8.1]
	at org.junit.platform.engine.support.hierarchical.NodeTestTask$$Lambda$194/963522361.invoke(Unknown Source) [junit-platform-engine-1.8.1.jar:1.8.1]
	at org.junit.platform.engine.support.hierarchical.Node.around(Node.java:137) [junit-platform-engine-1.8.1.jar:1.8.1]
	at org.junit.platform.engine.support.hierarchical.NodeTestTask.lambda$executeRecursively$9(NodeTestTask.java:139) [junit-platform-engine-1.8.1.jar:1.8.1]
	at org.junit.platform.engine.support.hierarchical.NodeTestTask$$Lambda$193/586084331.execute(Unknown Source) [junit-platform-engine-1.8.1.jar:1.8.1]
	at org.junit.platform.engine.support.hierarchical.ThrowableCollector.execute(ThrowableCollector.java:73) [junit-platform-engine-1.8.1.jar:1.8.1]
	at org.junit.platform.engine.support.hierarchical.NodeTestTask.executeRecursively(NodeTestTask.java:138) [junit-platform-engine-1.8.1.jar:1.8.1]
	at org.junit.platform.engine.support.hierarchical.NodeTestTask.execute(NodeTestTask.java:95) [junit-platform-engine-1.8.1.jar:1.8.1]
	at org.junit.platform.engine.support.hierarchical.SameThreadHierarchicalTestExecutorService$$Lambda$199/2015781843.accept(Unknown Source) [junit-platform-engine-1.8.1.jar:1.8.1]
	at java.util.ArrayList.forEach(ArrayList.java:1249) [na:1.8.0_40]
	at org.junit.platform.engine.support.hierarchical.SameThreadHierarchicalTestExecutorService.invokeAll(SameThreadHierarchicalTestExecutorService.java:41) [junit-platform-engine-1.8.1.jar:1.8.1]
	at org.junit.platform.engine.support.hierarchical.NodeTestTask.lambda$executeRecursively$6(NodeTestTask.java:155) [junit-platform-engine-1.8.1.jar:1.8.1]
	at org.junit.platform.engine.support.hierarchical.NodeTestTask$$Lambda$195/175408781.execute(Unknown Source) [junit-platform-engine-1.8.1.jar:1.8.1]
	at org.junit.platform.engine.support.hierarchical.ThrowableCollector.execute(ThrowableCollector.java:73) [junit-platform-engine-1.8.1.jar:1.8.1]
	at org.junit.platform.engine.support.hierarchical.NodeTestTask.lambda$executeRecursively$8(NodeTestTask.java:141) [junit-platform-engine-1.8.1.jar:1.8.1]
	at org.junit.platform.engine.support.hierarchical.NodeTestTask$$Lambda$194/963522361.invoke(Unknown Source) [junit-platform-engine-1.8.1.jar:1.8.1]
	at org.junit.platform.engine.support.hierarchical.Node.around(Node.java:137) [junit-platform-engine-1.8.1.jar:1.8.1]
	at org.junit.platform.engine.support.hierarchical.NodeTestTask.lambda$executeRecursively$9(NodeTestTask.java:139) [junit-platform-engine-1.8.1.jar:1.8.1]
	at org.junit.platform.engine.support.hierarchical.NodeTestTask$$Lambda$193/586084331.execute(Unknown Source) [junit-platform-engine-1.8.1.jar:1.8.1]
	at org.junit.platform.engine.support.hierarchical.ThrowableCollector.execute(ThrowableCollector.java:73) [junit-platform-engine-1.8.1.jar:1.8.1]
	at org.junit.platform.engine.support.hierarchical.NodeTestTask.executeRecursively(NodeTestTask.java:138) [junit-platform-engine-1.8.1.jar:1.8.1]
	at org.junit.platform.engine.support.hierarchical.NodeTestTask.execute(NodeTestTask.java:95) [junit-platform-engine-1.8.1.jar:1.8.1]
	at org.junit.platform.engine.support.hierarchical.SameThreadHierarchicalTestExecutorService$$Lambda$199/2015781843.accept(Unknown Source) [junit-platform-engine-1.8.1.jar:1.8.1]
	at java.util.ArrayList.forEach(ArrayList.java:1249) [na:1.8.0_40]
	at org.junit.platform.engine.support.hierarchical.SameThreadHierarchicalTestExecutorService.invokeAll(SameThreadHierarchicalTestExecutorService.java:41) [junit-platform-engine-1.8.1.jar:1.8.1]
	at org.junit.platform.engine.support.hierarchical.NodeTestTask.lambda$executeRecursively$6(NodeTestTask.java:155) [junit-platform-engine-1.8.1.jar:1.8.1]
	at org.junit.platform.engine.support.hierarchical.NodeTestTask$$Lambda$195/175408781.execute(Unknown Source) [junit-platform-engine-1.8.1.jar:1.8.1]
	at org.junit.platform.engine.support.hierarchical.ThrowableCollector.execute(ThrowableCollector.java:73) [junit-platform-engine-1.8.1.jar:1.8.1]
	at org.junit.platform.engine.support.hierarchical.NodeTestTask.lambda$executeRecursively$8(NodeTestTask.java:141) [junit-platform-engine-1.8.1.jar:1.8.1]
	at org.junit.platform.engine.support.hierarchical.NodeTestTask$$Lambda$194/963522361.invoke(Unknown Source) [junit-platform-engine-1.8.1.jar:1.8.1]
	at org.junit.platform.engine.support.hierarchical.Node.around(Node.java:137) [junit-platform-engine-1.8.1.jar:1.8.1]
	at org.junit.platform.engine.support.hierarchical.NodeTestTask.lambda$executeRecursively$9(NodeTestTask.java:139) [junit-platform-engine-1.8.1.jar:1.8.1]
	at org.junit.platform.engine.support.hierarchical.NodeTestTask$$Lambda$193/586084331.execute(Unknown Source) [junit-platform-engine-1.8.1.jar:1.8.1]
	at org.junit.platform.engine.support.hierarchical.ThrowableCollector.execute(ThrowableCollector.java:73) [junit-platform-engine-1.8.1.jar:1.8.1]
	at org.junit.platform.engine.support.hierarchical.NodeTestTask.executeRecursively(NodeTestTask.java:138) [junit-platform-engine-1.8.1.jar:1.8.1]
	at org.junit.platform.engine.support.hierarchical.NodeTestTask.execute(NodeTestTask.java:95) [junit-platform-engine-1.8.1.jar:1.8.1]
	at org.junit.platform.engine.support.hierarchical.SameThreadHierarchicalTestExecutorService.submit(SameThreadHierarchicalTestExecutorService.java:35) [junit-platform-engine-1.8.1.jar:1.8.1]
	at org.junit.platform.engine.support.hierarchical.HierarchicalTestExecutor.execute(HierarchicalTestExecutor.java:57) [junit-platform-engine-1.8.1.jar:1.8.1]
	at org.junit.platform.engine.support.hierarchical.HierarchicalTestEngine.execute(HierarchicalTestEngine.java:54) [junit-platform-engine-1.8.1.jar:1.8.1]
	at org.junit.platform.launcher.core.DefaultLauncher.execute(DefaultLauncher.java:220) [junit-platform-launcher-1.3.1.jar:1.3.1]
	at org.junit.platform.launcher.core.DefaultLauncher.lambda$execute$6(DefaultLauncher.java:188) [junit-platform-launcher-1.3.1.jar:1.3.1]
	at org.junit.platform.launcher.core.DefaultLauncher$$Lambda$159/961419791.accept(Unknown Source) [junit-platform-launcher-1.3.1.jar:1.3.1]
	at org.junit.platform.launcher.core.DefaultLauncher.withInterceptedStreams(DefaultLauncher.java:202) [junit-platform-launcher-1.3.1.jar:1.3.1]
	at org.junit.platform.launcher.core.DefaultLauncher.execute(DefaultLauncher.java:181) [junit-platform-launcher-1.3.1.jar:1.3.1]
	at org.junit.platform.launcher.core.DefaultLauncher.execute(DefaultLauncher.java:128) [junit-platform-launcher-1.3.1.jar:1.3.1]
	at org.apache.maven.surefire.junitplatform.JUnitPlatformProvider.invokeAllTests(JUnitPlatformProvider.java:150) [surefire-junit-platform-2.22.2.jar:2.22.2]
	at org.apache.maven.surefire.junitplatform.JUnitPlatformProvider.invoke(JUnitPlatformProvider.java:124) [surefire-junit-platform-2.22.2.jar:2.22.2]
	at org.apache.maven.surefire.booter.ForkedBooter.invokeProviderInSameClassLoader(ForkedBooter.java:384) [surefire-booter-2.22.2.jar:2.22.2]
	at org.apache.maven.surefire.booter.ForkedBooter.runSuitesInProcess(ForkedBooter.java:345) [surefire-booter-2.22.2.jar:2.22.2]
	at org.apache.maven.surefire.booter.ForkedBooter.execute(ForkedBooter.java:126) [surefire-booter-2.22.2.jar:2.22.2]
	at org.apache.maven.surefire.booter.ForkedBooter.main(ForkedBooter.java:418) [surefire-booter-2.22.2.jar:2.22.2]

]]></system-out>
  </testcase>
</testsuite>